[07-Jun-2025 17:19:00 UTC] PHP Fatal error:  Uncaught Error: Call to undefined function your_get_comment_author_link() in C:\Users\devan\Local Sites\meponetv1\app\public\wp-content\themes\mepoNETv1\index.php:258
Stack trace:
#0 C:\Users\devan\Local Sites\meponetv1\app\public\wp-includes\template-loader.php(106): include()
#1 C:\Users\devan\Local Sites\meponetv1\app\public\wp-blog-header.php(19): require_once('C:\\Users\\devan\\...')
#2 C:\Users\devan\Local Sites\meponetv1\app\public\index.php(17): require('C:\\Users\\devan\\...')
#3 {main}
  thrown in C:\Users\devan\Local Sites\meponetv1\app\public\wp-content\themes\mepoNETv1\index.php on line 258
[07-Jun-2025 17:19:00 UTC] PHP Fatal error:  Uncaught Error: Call to undefined function your_get_comment_author_link() in C:\Users\devan\Local Sites\meponetv1\app\public\wp-content\themes\mepoNETv1\index.php:258
Stack trace:
#0 C:\Users\devan\Local Sites\meponetv1\app\public\wp-includes\template-loader.php(106): include()
#1 C:\Users\devan\Local Sites\meponetv1\app\public\wp-blog-header.php(19): require_once('C:\\Users\\devan\\...')
#2 C:\Users\devan\Local Sites\meponetv1\app\public\index.php(17): require('C:\\Users\\devan\\...')
#3 {main}
  thrown in C:\Users\devan\Local Sites\meponetv1\app\public\wp-content\themes\mepoNETv1\index.php on line 258
[07-Jun-2025 17:20:28 UTC] PHP Fatal error:  Uncaught Error: Call to undefined function your_get_comment_author_link() in C:\Users\devan\Local Sites\meponetv1\app\public\wp-content\themes\mepoNETv1\index.php:258
Stack trace:
#0 C:\Users\devan\Local Sites\meponetv1\app\public\wp-includes\template-loader.php(106): include()
#1 C:\Users\devan\Local Sites\meponetv1\app\public\wp-blog-header.php(19): require_once('C:\\Users\\devan\\...')
#2 C:\Users\devan\Local Sites\meponetv1\app\public\index.php(17): require('C:\\Users\\devan\\...')
#3 {main}
  thrown in C:\Users\devan\Local Sites\meponetv1\app\public\wp-content\themes\mepoNETv1\index.php on line 258
[07-Jun-2025 17:20:28 UTC] PHP Fatal error:  Uncaught Error: Call to undefined function your_get_comment_author_link() in C:\Users\devan\Local Sites\meponetv1\app\public\wp-content\themes\mepoNETv1\index.php:258
Stack trace:
#0 C:\Users\devan\Local Sites\meponetv1\app\public\wp-includes\template-loader.php(106): include()
#1 C:\Users\devan\Local Sites\meponetv1\app\public\wp-blog-header.php(19): require_once('C:\\Users\\devan\\...')
#2 C:\Users\devan\Local Sites\meponetv1\app\public\index.php(17): require('C:\\Users\\devan\\...')
#3 {main}
  thrown in C:\Users\devan\Local Sites\meponetv1\app\public\wp-content\themes\mepoNETv1\index.php on line 258
[07-Jun-2025 17:21:15 UTC] PHP Fatal error:  Uncaught Error: Call to undefined function your_get_comment_author_link() in C:\Users\devan\Local Sites\meponetv1\app\public\wp-content\themes\mepoNETv1\index.php:258
Stack trace:
#0 C:\Users\devan\Local Sites\meponetv1\app\public\wp-includes\template-loader.php(106): include()
#1 C:\Users\devan\Local Sites\meponetv1\app\public\wp-blog-header.php(19): require_once('C:\\Users\\devan\\...')
#2 C:\Users\devan\Local Sites\meponetv1\app\public\index.php(17): require('C:\\Users\\devan\\...')
#3 {main}
  thrown in C:\Users\devan\Local Sites\meponetv1\app\public\wp-content\themes\mepoNETv1\index.php on line 258
[07-Jun-2025 17:21:15 UTC] PHP Fatal error:  Uncaught Error: Call to undefined function your_get_comment_author_link() in C:\Users\devan\Local Sites\meponetv1\app\public\wp-content\themes\mepoNETv1\index.php:258
Stack trace:
#0 C:\Users\devan\Local Sites\meponetv1\app\public\wp-includes\template-loader.php(106): include()
#1 C:\Users\devan\Local Sites\meponetv1\app\public\wp-blog-header.php(19): require_once('C:\\Users\\devan\\...')
#2 C:\Users\devan\Local Sites\meponetv1\app\public\index.php(17): require('C:\\Users\\devan\\...')
#3 {main}
  thrown in C:\Users\devan\Local Sites\meponetv1\app\public\wp-content\themes\mepoNETv1\index.php on line 258
[07-Jun-2025 17:22:18 UTC] PHP Fatal error:  Uncaught Error: Call to undefined function your_get_comment_author_link() in C:\Users\devan\Local Sites\meponetv1\app\public\wp-content\themes\mepoNETv1\index.php:258
Stack trace:
#0 C:\Users\devan\Local Sites\meponetv1\app\public\wp-includes\template-loader.php(106): include()
#1 C:\Users\devan\Local Sites\meponetv1\app\public\wp-blog-header.php(19): require_once('C:\\Users\\devan\\...')
#2 C:\Users\devan\Local Sites\meponetv1\app\public\index.php(17): require('C:\\Users\\devan\\...')
#3 {main}
  thrown in C:\Users\devan\Local Sites\meponetv1\app\public\wp-content\themes\mepoNETv1\index.php on line 258
[07-Jun-2025 17:22:18 UTC] PHP Fatal error:  Uncaught Error: Call to undefined function your_get_comment_author_link() in C:\Users\devan\Local Sites\meponetv1\app\public\wp-content\themes\mepoNETv1\index.php:258
Stack trace:
#0 C:\Users\devan\Local Sites\meponetv1\app\public\wp-includes\template-loader.php(106): include()
#1 C:\Users\devan\Local Sites\meponetv1\app\public\wp-blog-header.php(19): require_once('C:\\Users\\devan\\...')
#2 C:\Users\devan\Local Sites\meponetv1\app\public\index.php(17): require('C:\\Users\\devan\\...')
#3 {main}
  thrown in C:\Users\devan\Local Sites\meponetv1\app\public\wp-content\themes\mepoNETv1\index.php on line 258
[07-Jun-2025 17:23:37 UTC] PHP Fatal error:  Uncaught Error: Call to undefined function your_get_comment_author_link() in C:\Users\devan\Local Sites\meponetv1\app\public\wp-content\themes\mepoNETv1\index.php:258
Stack trace:
#0 C:\Users\devan\Local Sites\meponetv1\app\public\wp-includes\template-loader.php(106): include()
#1 C:\Users\devan\Local Sites\meponetv1\app\public\wp-blog-header.php(19): require_once('C:\\Users\\devan\\...')
#2 C:\Users\devan\Local Sites\meponetv1\app\public\index.php(17): require('C:\\Users\\devan\\...')
#3 {main}
  thrown in C:\Users\devan\Local Sites\meponetv1\app\public\wp-content\themes\mepoNETv1\index.php on line 258
[07-Jun-2025 17:23:37 UTC] PHP Fatal error:  Uncaught Error: Call to undefined function your_get_comment_author_link() in C:\Users\devan\Local Sites\meponetv1\app\public\wp-content\themes\mepoNETv1\index.php:258
Stack trace:
#0 C:\Users\devan\Local Sites\meponetv1\app\public\wp-includes\template-loader.php(106): include()
#1 C:\Users\devan\Local Sites\meponetv1\app\public\wp-blog-header.php(19): require_once('C:\\Users\\devan\\...')
#2 C:\Users\devan\Local Sites\meponetv1\app\public\index.php(17): require('C:\\Users\\devan\\...')
#3 {main}
  thrown in C:\Users\devan\Local Sites\meponetv1\app\public\wp-content\themes\mepoNETv1\index.php on line 258
[07-Jun-2025 17:26:10 UTC] PHP Fatal error:  Uncaught Error: Call to undefined function your_get_comment_author_link() in C:\Users\devan\Local Sites\meponetv1\app\public\wp-content\themes\mepoNETv1\index.php:258
Stack trace:
#0 C:\Users\devan\Local Sites\meponetv1\app\public\wp-includes\template-loader.php(106): include()
#1 C:\Users\devan\Local Sites\meponetv1\app\public\wp-blog-header.php(19): require_once('C:\\Users\\devan\\...')
#2 C:\Users\devan\Local Sites\meponetv1\app\public\index.php(17): require('C:\\Users\\devan\\...')
#3 {main}
  thrown in C:\Users\devan\Local Sites\meponetv1\app\public\wp-content\themes\mepoNETv1\index.php on line 258
[07-Jun-2025 17:26:10 UTC] PHP Fatal error:  Uncaught Error: Call to undefined function your_get_comment_author_link() in C:\Users\devan\Local Sites\meponetv1\app\public\wp-content\themes\mepoNETv1\index.php:258
Stack trace:
#0 C:\Users\devan\Local Sites\meponetv1\app\public\wp-includes\template-loader.php(106): include()
#1 C:\Users\devan\Local Sites\meponetv1\app\public\wp-blog-header.php(19): require_once('C:\\Users\\devan\\...')
#2 C:\Users\devan\Local Sites\meponetv1\app\public\index.php(17): require('C:\\Users\\devan\\...')
#3 {main}
  thrown in C:\Users\devan\Local Sites\meponetv1\app\public\wp-content\themes\mepoNETv1\index.php on line 258
[07-Jun-2025 17:26:13 UTC] PHP Fatal error:  Uncaught Error: Call to undefined function your_get_comment_author_link() in C:\Users\devan\Local Sites\meponetv1\app\public\wp-content\themes\mepoNETv1\index.php:258
Stack trace:
#0 C:\Users\devan\Local Sites\meponetv1\app\public\wp-includes\template-loader.php(106): include()
#1 C:\Users\devan\Local Sites\meponetv1\app\public\wp-blog-header.php(19): require_once('C:\\Users\\devan\\...')
#2 C:\Users\devan\Local Sites\meponetv1\app\public\index.php(17): require('C:\\Users\\devan\\...')
#3 {main}
  thrown in C:\Users\devan\Local Sites\meponetv1\app\public\wp-content\themes\mepoNETv1\index.php on line 258
[07-Jun-2025 17:26:13 UTC] PHP Fatal error:  Uncaught Error: Call to undefined function your_get_comment_author_link() in C:\Users\devan\Local Sites\meponetv1\app\public\wp-content\themes\mepoNETv1\index.php:258
Stack trace:
#0 C:\Users\devan\Local Sites\meponetv1\app\public\wp-includes\template-loader.php(106): include()
#1 C:\Users\devan\Local Sites\meponetv1\app\public\wp-blog-header.php(19): require_once('C:\\Users\\devan\\...')
#2 C:\Users\devan\Local Sites\meponetv1\app\public\index.php(17): require('C:\\Users\\devan\\...')
#3 {main}
  thrown in C:\Users\devan\Local Sites\meponetv1\app\public\wp-content\themes\mepoNETv1\index.php on line 258
[07-Jun-2025 17:26:19 UTC] PHP Fatal error:  Uncaught Error: Call to undefined function your_get_comment_author_link() in C:\Users\devan\Local Sites\meponetv1\app\public\wp-content\themes\mepoNETv1\index.php:258
Stack trace:
#0 C:\Users\devan\Local Sites\meponetv1\app\public\wp-includes\template-loader.php(106): include()
#1 C:\Users\devan\Local Sites\meponetv1\app\public\wp-blog-header.php(19): require_once('C:\\Users\\devan\\...')
#2 C:\Users\devan\Local Sites\meponetv1\app\public\index.php(17): require('C:\\Users\\devan\\...')
#3 {main}
  thrown in C:\Users\devan\Local Sites\meponetv1\app\public\wp-content\themes\mepoNETv1\index.php on line 258
[07-Jun-2025 17:26:19 UTC] PHP Fatal error:  Uncaught Error: Call to undefined function your_get_comment_author_link() in C:\Users\devan\Local Sites\meponetv1\app\public\wp-content\themes\mepoNETv1\index.php:258
Stack trace:
#0 C:\Users\devan\Local Sites\meponetv1\app\public\wp-includes\template-loader.php(106): include()
#1 C:\Users\devan\Local Sites\meponetv1\app\public\wp-blog-header.php(19): require_once('C:\\Users\\devan\\...')
#2 C:\Users\devan\Local Sites\meponetv1\app\public\index.php(17): require('C:\\Users\\devan\\...')
#3 {main}
  thrown in C:\Users\devan\Local Sites\meponetv1\app\public\wp-content\themes\mepoNETv1\index.php on line 258
[07-Jun-2025 17:27:01 UTC] PHP Fatal error:  Uncaught Error: Call to undefined function your_get_comment_author_link() in C:\Users\devan\Local Sites\meponetv1\app\public\wp-content\themes\mepoNETv1\index.php:258
Stack trace:
#0 C:\Users\devan\Local Sites\meponetv1\app\public\wp-includes\template-loader.php(106): include()
#1 C:\Users\devan\Local Sites\meponetv1\app\public\wp-blog-header.php(19): require_once('C:\\Users\\devan\\...')
#2 C:\Users\devan\Local Sites\meponetv1\app\public\index.php(17): require('C:\\Users\\devan\\...')
#3 {main}
  thrown in C:\Users\devan\Local Sites\meponetv1\app\public\wp-content\themes\mepoNETv1\index.php on line 258
[07-Jun-2025 17:27:01 UTC] PHP Fatal error:  Uncaught Error: Call to undefined function your_get_comment_author_link() in C:\Users\devan\Local Sites\meponetv1\app\public\wp-content\themes\mepoNETv1\index.php:258
Stack trace:
#0 C:\Users\devan\Local Sites\meponetv1\app\public\wp-includes\template-loader.php(106): include()
#1 C:\Users\devan\Local Sites\meponetv1\app\public\wp-blog-header.php(19): require_once('C:\\Users\\devan\\...')
#2 C:\Users\devan\Local Sites\meponetv1\app\public\index.php(17): require('C:\\Users\\devan\\...')
#3 {main}
  thrown in C:\Users\devan\Local Sites\meponetv1\app\public\wp-content\themes\mepoNETv1\index.php on line 258
[07-Jun-2025 17:27:12 UTC] PHP Fatal error:  Uncaught Error: Call to undefined function your_get_comment_author_link() in C:\Users\devan\Local Sites\meponetv1\app\public\wp-content\themes\mepoNETv1\index.php:258
Stack trace:
#0 C:\Users\devan\Local Sites\meponetv1\app\public\wp-includes\template-loader.php(106): include()
#1 C:\Users\devan\Local Sites\meponetv1\app\public\wp-blog-header.php(19): require_once('C:\\Users\\devan\\...')
#2 C:\Users\devan\Local Sites\meponetv1\app\public\index.php(17): require('C:\\Users\\devan\\...')
#3 {main}
  thrown in C:\Users\devan\Local Sites\meponetv1\app\public\wp-content\themes\mepoNETv1\index.php on line 258
[07-Jun-2025 17:27:12 UTC] PHP Fatal error:  Uncaught Error: Call to undefined function your_get_comment_author_link() in C:\Users\devan\Local Sites\meponetv1\app\public\wp-content\themes\mepoNETv1\index.php:258
Stack trace:
#0 C:\Users\devan\Local Sites\meponetv1\app\public\wp-includes\template-loader.php(106): include()
#1 C:\Users\devan\Local Sites\meponetv1\app\public\wp-blog-header.php(19): require_once('C:\\Users\\devan\\...')
#2 C:\Users\devan\Local Sites\meponetv1\app\public\index.php(17): require('C:\\Users\\devan\\...')
#3 {main}
  thrown in C:\Users\devan\Local Sites\meponetv1\app\public\wp-content\themes\mepoNETv1\index.php on line 258
[07-Jun-2025 17:27:23 UTC] PHP Fatal error:  Uncaught Error: Call to undefined function your_get_comment_author_link() in C:\Users\devan\Local Sites\meponetv1\app\public\wp-content\themes\mepoNETv1\index.php:258
Stack trace:
#0 C:\Users\devan\Local Sites\meponetv1\app\public\wp-includes\template-loader.php(106): include()
#1 C:\Users\devan\Local Sites\meponetv1\app\public\wp-blog-header.php(19): require_once('C:\\Users\\devan\\...')
#2 C:\Users\devan\Local Sites\meponetv1\app\public\index.php(17): require('C:\\Users\\devan\\...')
#3 {main}
  thrown in C:\Users\devan\Local Sites\meponetv1\app\public\wp-content\themes\mepoNETv1\index.php on line 258
[07-Jun-2025 17:27:23 UTC] PHP Fatal error:  Uncaught Error: Call to undefined function your_get_comment_author_link() in C:\Users\devan\Local Sites\meponetv1\app\public\wp-content\themes\mepoNETv1\index.php:258
Stack trace:
#0 C:\Users\devan\Local Sites\meponetv1\app\public\wp-includes\template-loader.php(106): include()
#1 C:\Users\devan\Local Sites\meponetv1\app\public\wp-blog-header.php(19): require_once('C:\\Users\\devan\\...')
#2 C:\Users\devan\Local Sites\meponetv1\app\public\index.php(17): require('C:\\Users\\devan\\...')
#3 {main}
  thrown in C:\Users\devan\Local Sites\meponetv1\app\public\wp-content\themes\mepoNETv1\index.php on line 258
[07-Jun-2025 17:29:41 UTC] PHP Fatal error:  Uncaught Error: Call to undefined function your_get_comment_author_link() in C:\Users\devan\Local Sites\meponetv1\app\public\wp-content\themes\mepoNETv1\index.php:258
Stack trace:
#0 C:\Users\devan\Local Sites\meponetv1\app\public\wp-includes\template-loader.php(106): include()
#1 C:\Users\devan\Local Sites\meponetv1\app\public\wp-blog-header.php(19): require_once('C:\\Users\\devan\\...')
#2 C:\Users\devan\Local Sites\meponetv1\app\public\index.php(17): require('C:\\Users\\devan\\...')
#3 {main}
  thrown in C:\Users\devan\Local Sites\meponetv1\app\public\wp-content\themes\mepoNETv1\index.php on line 258
[07-Jun-2025 17:29:41 UTC] PHP Fatal error:  Uncaught Error: Call to undefined function your_get_comment_author_link() in C:\Users\devan\Local Sites\meponetv1\app\public\wp-content\themes\mepoNETv1\index.php:258
Stack trace:
#0 C:\Users\devan\Local Sites\meponetv1\app\public\wp-includes\template-loader.php(106): include()
#1 C:\Users\devan\Local Sites\meponetv1\app\public\wp-blog-header.php(19): require_once('C:\\Users\\devan\\...')
#2 C:\Users\devan\Local Sites\meponetv1\app\public\index.php(17): require('C:\\Users\\devan\\...')
#3 {main}
  thrown in C:\Users\devan\Local Sites\meponetv1\app\public\wp-content\themes\mepoNETv1\index.php on line 258
[07-Jun-2025 17:32:33 UTC] PHP Fatal error:  Uncaught Error: Call to undefined function your_get_comment_author_link() in C:\Users\devan\Local Sites\meponetv1\app\public\wp-content\themes\mepoNETv1\index.php:258
Stack trace:
#0 C:\Users\devan\Local Sites\meponetv1\app\public\wp-includes\template-loader.php(106): include()
#1 C:\Users\devan\Local Sites\meponetv1\app\public\wp-blog-header.php(19): require_once('C:\\Users\\devan\\...')
#2 C:\Users\devan\Local Sites\meponetv1\app\public\index.php(17): require('C:\\Users\\devan\\...')
#3 {main}
  thrown in C:\Users\devan\Local Sites\meponetv1\app\public\wp-content\themes\mepoNETv1\index.php on line 258
[07-Jun-2025 17:32:33 UTC] PHP Fatal error:  Uncaught Error: Call to undefined function your_get_comment_author_link() in C:\Users\devan\Local Sites\meponetv1\app\public\wp-content\themes\mepoNETv1\index.php:258
Stack trace:
#0 C:\Users\devan\Local Sites\meponetv1\app\public\wp-includes\template-loader.php(106): include()
#1 C:\Users\devan\Local Sites\meponetv1\app\public\wp-blog-header.php(19): require_once('C:\\Users\\devan\\...')
#2 C:\Users\devan\Local Sites\meponetv1\app\public\index.php(17): require('C:\\Users\\devan\\...')
#3 {main}
  thrown in C:\Users\devan\Local Sites\meponetv1\app\public\wp-content\themes\mepoNETv1\index.php on line 258
[07-Jun-2025 17:36:21 UTC] PHP Fatal error:  Uncaught Error: Call to undefined function your_get_comment_author_link() in C:\Users\devan\Local Sites\meponetv1\app\public\wp-content\themes\mepoNETv1\index.php:258
Stack trace:
#0 C:\Users\devan\Local Sites\meponetv1\app\public\wp-includes\template-loader.php(106): include()
#1 C:\Users\devan\Local Sites\meponetv1\app\public\wp-blog-header.php(19): require_once('C:\\Users\\devan\\...')
#2 C:\Users\devan\Local Sites\meponetv1\app\public\index.php(17): require('C:\\Users\\devan\\...')
#3 {main}
  thrown in C:\Users\devan\Local Sites\meponetv1\app\public\wp-content\themes\mepoNETv1\index.php on line 258
[07-Jun-2025 17:36:21 UTC] PHP Fatal error:  Uncaught Error: Call to undefined function your_get_comment_author_link() in C:\Users\devan\Local Sites\meponetv1\app\public\wp-content\themes\mepoNETv1\index.php:258
Stack trace:
#0 C:\Users\devan\Local Sites\meponetv1\app\public\wp-includes\template-loader.php(106): include()
#1 C:\Users\devan\Local Sites\meponetv1\app\public\wp-blog-header.php(19): require_once('C:\\Users\\devan\\...')
#2 C:\Users\devan\Local Sites\meponetv1\app\public\index.php(17): require('C:\\Users\\devan\\...')
#3 {main}
  thrown in C:\Users\devan\Local Sites\meponetv1\app\public\wp-content\themes\mepoNETv1\index.php on line 258
[07-Jun-2025 17:36:34 UTC] PHP Fatal error:  Uncaught Error: Call to undefined function your_get_comment_author_link() in C:\Users\devan\Local Sites\meponetv1\app\public\wp-content\themes\mepoNETv1\index.php:258
Stack trace:
#0 C:\Users\devan\Local Sites\meponetv1\app\public\wp-includes\template-loader.php(106): include()
#1 C:\Users\devan\Local Sites\meponetv1\app\public\wp-blog-header.php(19): require_once('C:\\Users\\devan\\...')
#2 C:\Users\devan\Local Sites\meponetv1\app\public\index.php(17): require('C:\\Users\\devan\\...')
#3 {main}
  thrown in C:\Users\devan\Local Sites\meponetv1\app\public\wp-content\themes\mepoNETv1\index.php on line 258
[07-Jun-2025 17:36:34 UTC] PHP Fatal error:  Uncaught Error: Call to undefined function your_get_comment_author_link() in C:\Users\devan\Local Sites\meponetv1\app\public\wp-content\themes\mepoNETv1\index.php:258
Stack trace:
#0 C:\Users\devan\Local Sites\meponetv1\app\public\wp-includes\template-loader.php(106): include()
#1 C:\Users\devan\Local Sites\meponetv1\app\public\wp-blog-header.php(19): require_once('C:\\Users\\devan\\...')
#2 C:\Users\devan\Local Sites\meponetv1\app\public\index.php(17): require('C:\\Users\\devan\\...')
#3 {main}
  thrown in C:\Users\devan\Local Sites\meponetv1\app\public\wp-content\themes\mepoNETv1\index.php on line 258
